<?xml version="1.0" encoding="UTF-8"?>
<!-- Generated by org.testng.reporters.JUnitXMLReporter -->
<testsuite ignored="0" hostname="LAPTOP-P2664PGM" failures="1" tests="1" name="Add to Cart Test" time="4.853" errors="0" timestamp="2024-10-05T03:45:06 IST">
  <testcase classname="com.saucedemo.test.AddToCartTest" name="addItemToCartTest" time="0.004">
    <failure type="java.lang.NullPointerException" message="Cannot invoke &amp;quot;com.aventstack.extentreports.ExtentReports.createTest(String, String)&amp;quot; because &amp;quot;this.extent&amp;quot; is null">
      <![CDATA[java.lang.NullPointerException: Cannot invoke "com.aventstack.extentreports.ExtentReports.createTest(String, String)" because "this.extent" is null
at com.saucedemo.test.AddToCartTest.addItemToCartTest(AddToCartTest.java:13)
at java.base/java.util.ArrayList.forEach(ArrayList.java:1597)
... Removed 25 stack frames]]>
    </failure>
  </testcase> <!-- addItemToCartTest -->
</testsuite> <!-- Add to Cart Test -->
