<?xml version="1.0" encoding="UTF-8"?>
<!-- Generated by org.testng.reporters.JUnitXMLReporter -->
<testsuite ignored="0" hostname="LAPTOP-P2664PGM" failures="0" tests="7" name="Login Test" time="41.332" errors="0" timestamp="2024-10-05T05:21:20 IST">
  <testcase classname="com.saucedemo.test.LoginTest" name="loginTest" time="1.781"/>
  <testcase classname="com.saucedemo.test.LoginTest" name="loginTest" time="2.004"/>
  <testcase classname="com.saucedemo.test.LoginTest" name="loginTest" time="1.223"/>
  <testcase classname="com.saucedemo.test.LoginTest" name="loginTest" time="1.145"/>
  <testcase classname="com.saucedemo.test.LoginTest" name="loginTest" time="1.803"/>
  <testcase classname="com.saucedemo.test.AddToCartTest" name="addItemToCartTest" time="2.339"/>
  <testcase classname="com.saucedemo.test.CheckoutTest" name="validateCheckoutProcess" time="2.76"/>
</testsuite> <!-- Login Test -->
