<?xml version="1.0" encoding="UTF-8"?>
<testng-results ignored="0" total="1" passed="1" failed="0" skipped="0">
  <reporter-output>
  </reporter-output>
  <suite started-at="2024-10-05T05:23:14 IST" name="Default suite" finished-at="2024-10-05T05:23:24 IST" duration-ms="9937">
    <groups>
    </groups>
    <test started-at="2024-10-05T05:23:14 IST" name="Default test" finished-at="2024-10-05T05:23:24 IST" duration-ms="9937">
      <class name="com.saucedemo.test.CheckoutTest">
        <test-method is-config="true" signature="setupSuite()[pri:0, instance:com.saucedemo.test.CheckoutTest@399f45b1]" started-at="2024-10-05T05:23:14 IST" name="setupSuite" finished-at="2024-10-05T05:23:15 IST" duration-ms="611" status="PASS">
          <reporter-output>
          </reporter-output>
        </test-method> <!-- setupSuite -->
        <test-method is-config="true" signature="setUp()[pri:0, instance:com.saucedemo.test.CheckoutTest@399f45b1]" started-at="2024-10-05T05:23:15 IST" name="setUp" finished-at="2024-10-05T05:23:20 IST" duration-ms="4725" status="PASS">
          <reporter-output>
          </reporter-output>
        </test-method> <!-- setUp -->
        <test-method signature="validateCheckoutProcess()[pri:0, instance:com.saucedemo.test.CheckoutTest@399f45b1]" started-at="2024-10-05T05:23:20 IST" name="validateCheckoutProcess" finished-at="2024-10-05T05:23:23 IST" duration-ms="3186" status="PASS">
          <reporter-output>
          </reporter-output>
        </test-method> <!-- validateCheckoutProcess -->
        <test-method is-config="true" signature="tearDown()[pri:0, instance:com.saucedemo.test.CheckoutTest@399f45b1]" started-at="2024-10-05T05:23:23 IST" name="tearDown" finished-at="2024-10-05T05:23:23 IST" duration-ms="446" status="PASS">
          <reporter-output>
          </reporter-output>
        </test-method> <!-- tearDown -->
        <test-method is-config="true" signature="teardownSuite()[pri:0, instance:com.saucedemo.test.CheckoutTest@399f45b1]" started-at="2024-10-05T05:23:23 IST" name="teardownSuite" finished-at="2024-10-05T05:23:24 IST" duration-ms="901" status="PASS">
          <reporter-output>
          </reporter-output>
        </test-method> <!-- teardownSuite -->
      </class> <!-- com.saucedemo.test.CheckoutTest -->
    </test> <!-- Default test -->
  </suite> <!-- Default suite -->
</testng-results>
